DBコネクションエラー:No suitable driver found for jdbc:mysql://localhost/schedules
DBコネクションエラー:No suitable driver found for jdbc:mysql://localhost/schedules
DBコネクションエラー:No suitable driver found for jdbc:mysql://localhost/schedules
Exception in Application start method
Exception in thread "main" java.lang.RuntimeException: Exception in Application start method
	at javafx.graphics/com.sun.javafx.application.LauncherImpl.launchApplication1(Unknown Source)
	at javafx.graphics/com.sun.javafx.application.LauncherImpl.lambda$launchApplication$2(Unknown Source)
	at java.base/java.lang.Thread.run(Unknown Source)
Caused by: javafx.fxml.LoadException: 
file:/C:/Users/ryu20/git/ScheduleTable/sample.exe!/calendar/CalendarIndividual.fxml

	at javafx.fxml/javafx.fxml.FXMLLoader.constructLoadException(Unknown Source)
	at javafx.fxml/javafx.fxml.FXMLLoader.loadImpl(Unknown Source)
	at javafx.fxml/javafx.fxml.FXMLLoader.loadImpl(Unknown Source)
	at javafx.fxml/javafx.fxml.FXMLLoader.load(Unknown Source)
	at application.CalendarMain.start(CalendarMain.java:16)
	at javafx.graphics/com.sun.javafx.application.LauncherImpl.lambda$launchApplication1$9(Unknown Source)
	at javafx.graphics/com.sun.javafx.application.PlatformImpl.lambda$runAndWait$12(Unknown Source)
	at javafx.graphics/com.sun.javafx.application.PlatformImpl.lambda$runLater$10(Unknown Source)
	at java.base/java.security.AccessController.doPrivileged(Unknown Source)
	at javafx.graphics/com.sun.javafx.application.PlatformImpl.lambda$runLater$11(Unknown Source)
	at javafx.graphics/com.sun.glass.ui.InvokeLaterDispatcher$Future.run(Unknown Source)
	at javafx.graphics/com.sun.glass.ui.win.WinApplication._runLoop(Native Method)
	at javafx.graphics/com.sun.glass.ui.win.WinApplication.lambda$runLoop$3(Unknown Source)
	... 1 more
Caused by: java.lang.reflect.InvocationTargetException
	at java.base/jdk.internal.reflect.NativeMethodAccessorImpl.invoke0(Native Method)
	at java.base/jdk.internal.reflect.NativeMethodAccessorImpl.invoke(Unknown Source)
	at java.base/jdk.internal.reflect.DelegatingMethodAccessorImpl.invoke(Unknown Source)
	at java.base/java.lang.reflect.Method.invoke(Unknown Source)
	at com.sun.javafx.reflect.Trampoline.invoke(Unknown Source)
	at jdk.internal.reflect.GeneratedMethodAccessor2.invoke(Unknown Source)
	at java.base/jdk.internal.reflect.DelegatingMethodAccessorImpl.invoke(Unknown Source)
	at java.base/java.lang.reflect.Method.invoke(Unknown Source)
	at javafx.base/com.sun.javafx.reflect.MethodUtil.invoke(Unknown Source)
	at javafx.fxml/com.sun.javafx.fxml.MethodHelper.invoke(Unknown Source)
	... 13 more
Caused by: java.lang.NullPointerException: Cannot invoke "java.sql.Connection.prepareStatement(String)" because "this.con" is null
	at database.ScheduleDAO.findByDate(ScheduleDAO.java:131)
	at calendar.CalendarController.setCalendar(CalendarController.java:250)
	at calendar.CalendarController.initialize(CalendarController.java:211)
	... 23 more
